Using GPU 2
Start training: lr 0.010000, batch size 10
Checkpoint: ../checkpoints/
[1/41] 0), Loss: 0.715, mAP 13.34%
[1/41] 100), Loss: 0.111, mAP 65.37%
[1/41] 200), Loss: 0.106, mAP 71.63%
[1/41] 300), Loss: 0.164, mAP 80.31%
[1/41] 400), Loss: 0.092, mAP 79.99%
[1/41] 500), Loss: 0.147, mAP 83.31%
[1/41] 600), Loss: 0.073, mAP 84.87%
[1/41] 700), Loss: 0.098, mAP 87.54%
[1/41] 800), Loss: 0.070, mAP 86.16%
[1/41] 900), Loss: 0.055, mAP 86.47%
[1/41] 1000), Loss: 0.078, mAP 84.06%
[1/41] 1100), Loss: 0.106, mAP 88.49%
[1/41] 1200), Loss: 0.106, mAP 87.84%
Saved: ../checkpoints/
TESTING: 1203), mAP 89.34%
[2/41] 1300), Loss: 0.066, mAP 89.43%
[2/41] 1400), Loss: 0.106, mAP 90.03%
[2/41] 1500), Loss: 0.079, mAP 87.97%
[2/41] 1600), Loss: 0.057, mAP 88.41%
[2/41] 1700), Loss: 0.145, mAP 88.32%
[2/41] 1800), Loss: 0.048, mAP 89.34%
[2/41] 1900), Loss: 0.116, mAP 88.26%
[2/41] 2000), Loss: 0.109, mAP 90.98%
[2/41] 2100), Loss: 0.096, mAP 88.54%
[2/41] 2200), Loss: 0.058, mAP 90.61%
[2/41] 2300), Loss: 0.036, mAP 90.78%
[2/41] 2400), Loss: 0.083, mAP 90.78%
[3/41] 2500), Loss: 0.059, mAP 91.46%
[3/41] 2600), Loss: 0.122, mAP 89.61%
[3/41] 2700), Loss: 0.098, mAP 91.40%
[3/41] 2800), Loss: 0.068, mAP 91.70%
[3/41] 2900), Loss: 0.062, mAP 91.43%
[3/41] 3000), Loss: 0.095, mAP 89.10%
[3/41] 3100), Loss: 0.089, mAP 88.77%
[3/41] 3200), Loss: 0.116, mAP 88.20%
[3/41] 3300), Loss: 0.064, mAP 89.17%
[3/41] 3400), Loss: 0.093, mAP 89.61%
[3/41] 3500), Loss: 0.028, mAP 89.13%
[3/41] 3600), Loss: 0.164, mAP 91.36%
[4/41] 3700), Loss: 0.067, mAP 92.24%
[4/41] 3800), Loss: 0.069, mAP 93.37%
[4/41] 3900), Loss: 0.085, mAP 88.23%
[4/41] 4000), Loss: 0.090, mAP 92.93%
[4/41] 4100), Loss: 0.075, mAP 90.08%
[4/41] 4200), Loss: 0.088, mAP 91.82%
[4/41] 4300), Loss: 0.054, mAP 86.63%
[4/41] 4400), Loss: 0.057, mAP 91.58%
[4/41] 4500), Loss: 0.094, mAP 91.60%
[4/41] 4600), Loss: 0.029, mAP 92.47%
[4/41] 4700), Loss: 0.028, mAP 91.82%
[4/41] 4800), Loss: 0.099, mAP 90.92%
[5/41] 4900), Loss: 0.061, mAP 91.58%
[5/41] 5000), Loss: 0.045, mAP 91.46%
[5/41] 5100), Loss: 0.127, mAP 91.02%
[5/41] 5200), Loss: 0.042, mAP 92.96%
[5/41] 5300), Loss: 0.017, mAP 93.14%
[5/41] 5400), Loss: 0.056, mAP 91.44%
[5/41] 5500), Loss: 0.094, mAP 88.57%
[5/41] 5600), Loss: 0.053, mAP 91.70%
[5/41] 5700), Loss: 0.118, mAP 92.41%
[5/41] 5800), Loss: 0.055, mAP 92.37%
[5/41] 5900), Loss: 0.107, mAP 95.02%
[5/41] 6000), Loss: 0.080, mAP 90.73%
[6/41] 6100), Loss: 0.063, mAP 91.30%
[6/41] 6200), Loss: 0.054, mAP 91.37%
[6/41] 6300), Loss: 0.074, mAP 89.03%
[6/41] 6400), Loss: 0.104, mAP 90.06%
[6/41] 6500), Loss: 0.109, mAP 90.15%
[6/41] 6600), Loss: 0.137, mAP 89.27%
[6/41] 6700), Loss: 0.109, mAP 91.81%
[6/41] 6800), Loss: 0.040, mAP 93.30%
[6/41] 6900), Loss: 0.049, mAP 92.44%
[6/41] 7000), Loss: 0.092, mAP 89.85%
[6/41] 7100), Loss: 0.037, mAP 90.74%
[6/41] 7200), Loss: 0.059, mAP 92.06%
Saved: ../checkpoints/
TESTING: 7218), mAP 92.86%
[7/41] 7300), Loss: 0.162, mAP 90.65%
[7/41] 7400), Loss: 0.069, mAP 91.25%
[7/41] 7500), Loss: 0.037, mAP 92.93%
[7/41] 7600), Loss: 0.020, mAP 92.08%
[7/41] 7700), Loss: 0.048, mAP 92.74%
[7/41] 7800), Loss: 0.050, mAP 94.62%
[7/41] 7900), Loss: 0.059, mAP 89.87%
[7/41] 8000), Loss: 0.100, mAP 92.05%
[7/41] 8100), Loss: 0.097, mAP 90.42%
[7/41] 8200), Loss: 0.039, mAP 88.21%
[7/41] 8300), Loss: 0.045, mAP 91.42%
[7/41] 8400), Loss: 0.180, mAP 91.74%
[8/41] 8500), Loss: 0.049, mAP 91.88%
[8/41] 8600), Loss: 0.036, mAP 93.84%
[8/41] 8700), Loss: 0.059, mAP 93.27%
[8/41] 8800), Loss: 0.050, mAP 91.89%
[8/41] 8900), Loss: 0.042, mAP 90.90%
[8/41] 9000), Loss: 0.075, mAP 91.90%
[8/41] 9100), Loss: 0.039, mAP 89.93%
[8/41] 9200), Loss: 0.077, mAP 93.38%
[8/41] 9300), Loss: 0.087, mAP 90.68%
[8/41] 9400), Loss: 0.133, mAP 91.34%
[8/41] 9500), Loss: 0.041, mAP 94.17%
[8/41] 9600), Loss: 0.059, mAP 90.60%
[9/41] 9700), Loss: 0.082, mAP 93.52%
[9/41] 9800), Loss: 0.111, mAP 90.97%
[9/41] 9900), Loss: 0.112, mAP 90.20%
[9/41] 10000), Loss: 0.048, mAP 91.61%
[9/41] 10100), Loss: 0.064, mAP 91.25%
[9/41] 10200), Loss: 0.058, mAP 89.65%
[9/41] 10300), Loss: 0.084, mAP 93.95%
[9/41] 10400), Loss: 0.077, mAP 91.92%
[9/41] 10500), Loss: 0.041, mAP 92.52%
[9/41] 10600), Loss: 0.112, mAP 92.16%
[9/41] 10700), Loss: 0.062, mAP 91.34%
[9/41] 10800), Loss: 0.045, mAP 91.02%
[10/41] 10900), Loss: 0.110, mAP 92.82%
[10/41] 11000), Loss: 0.093, mAP 92.87%
[10/41] 11100), Loss: 0.056, mAP 93.55%
[10/41] 11200), Loss: 0.077, mAP 92.32%
[10/41] 11300), Loss: 0.129, mAP 91.93%
[10/41] 11400), Loss: 0.038, mAP 91.57%
[10/41] 11500), Loss: 0.080, mAP 92.17%
[10/41] 11600), Loss: 0.090, mAP 92.44%
[10/41] 11700), Loss: 0.040, mAP 92.82%
[10/41] 11800), Loss: 0.042, mAP 93.64%
[10/41] 11900), Loss: 0.087, mAP 93.62%
[10/41] 12000), Loss: 0.059, mAP 95.49%
[11/41] 12100), Loss: 0.043, mAP 91.91%
[11/41] 12200), Loss: 0.030, mAP 93.44%
[11/41] 12300), Loss: 0.039, mAP 90.35%
[11/41] 12400), Loss: 0.039, mAP 93.42%
[11/41] 12500), Loss: 0.052, mAP 93.87%
[11/41] 12600), Loss: 0.064, mAP 91.32%
[11/41] 12700), Loss: 0.058, mAP 91.83%
[11/41] 12800), Loss: 0.032, mAP 91.16%
[11/41] 12900), Loss: 0.044, mAP 90.39%
[11/41] 13000), Loss: 0.047, mAP 91.41%
[11/41] 13100), Loss: 0.060, mAP 92.08%
[11/41] 13200), Loss: 0.121, mAP 92.45%
Saved: ../checkpoints/
TESTING: 13233), mAP 92.72%
[12/41] 13300), Loss: 0.046, mAP 92.72%
[12/41] 13400), Loss: 0.124, mAP 93.47%
[12/41] 13500), Loss: 0.089, mAP 93.47%
[12/41] 13600), Loss: 0.077, mAP 92.88%
[12/41] 13700), Loss: 0.086, mAP 92.14%
[12/41] 13800), Loss: 0.072, mAP 93.24%
[12/41] 13900), Loss: 0.082, mAP 91.49%
[12/41] 14000), Loss: 0.069, mAP 92.92%
[12/41] 14100), Loss: 0.055, mAP 91.72%
[12/41] 14200), Loss: 0.049, mAP 92.45%
[12/41] 14300), Loss: 0.085, mAP 92.18%
[12/41] 14400), Loss: 0.178, mAP 92.38%
[13/41] 14500), Loss: 0.069, mAP 93.00%
[13/41] 14600), Loss: 0.069, mAP 93.50%
[13/41] 14700), Loss: 0.091, mAP 92.92%
[13/41] 14800), Loss: 0.076, mAP 91.43%
[13/41] 14900), Loss: 0.025, mAP 93.32%
[13/41] 15000), Loss: 0.100, mAP 89.83%
[13/41] 15100), Loss: 0.062, mAP 91.80%
[13/41] 15200), Loss: 0.164, mAP 91.79%
[13/41] 15300), Loss: 0.044, mAP 92.94%
[13/41] 15400), Loss: 0.107, mAP 93.94%
[13/41] 15500), Loss: 0.075, mAP 90.80%
[13/41] 15600), Loss: 0.126, mAP 92.53%
[14/41] 15700), Loss: 0.036, mAP 92.35%
[14/41] 15800), Loss: 0.067, mAP 92.15%
[14/41] 15900), Loss: 0.049, mAP 94.71%
[14/41] 16000), Loss: 0.157, mAP 91.80%
[14/41] 16100), Loss: 0.064, mAP 93.77%
[14/41] 16200), Loss: 0.070, mAP 94.75%
[14/41] 16300), Loss: 0.080, mAP 92.66%
[14/41] 16400), Loss: 0.033, mAP 94.51%
[14/41] 16500), Loss: 0.121, mAP 92.39%
[14/41] 16600), Loss: 0.049, mAP 93.36%
[14/41] 16700), Loss: 0.057, mAP 95.19%
[14/41] 16800), Loss: 0.053, mAP 93.21%
[15/41] 16900), Loss: 0.079, mAP 91.46%
[15/41] 17000), Loss: 0.058, mAP 94.40%
[15/41] 17100), Loss: 0.090, mAP 91.21%
[15/41] 17200), Loss: 0.074, mAP 90.02%
[15/41] 17300), Loss: 0.052, mAP 92.60%
[15/41] 17400), Loss: 0.118, mAP 92.13%
[15/41] 17500), Loss: 0.072, mAP 93.56%
[15/41] 17600), Loss: 0.035, mAP 90.58%
[15/41] 17700), Loss: 0.074, mAP 96.16%
[15/41] 17800), Loss: 0.029, mAP 93.54%
[15/41] 17900), Loss: 0.064, mAP 92.62%
[15/41] 18000), Loss: 0.047, mAP 91.71%
[16/41] 18100), Loss: 0.111, mAP 94.59%
[16/41] 18200), Loss: 0.044, mAP 91.74%
[16/41] 18300), Loss: 0.094, mAP 92.28%
[16/41] 18400), Loss: 0.034, mAP 92.41%
[16/41] 18500), Loss: 0.055, mAP 92.65%
[16/41] 18600), Loss: 0.066, mAP 92.44%
[16/41] 18700), Loss: 0.068, mAP 94.03%
[16/41] 18800), Loss: 0.080, mAP 92.69%
[16/41] 18900), Loss: 0.063, mAP 93.86%
[16/41] 19000), Loss: 0.109, mAP 93.18%
[16/41] 19100), Loss: 0.070, mAP 91.81%
[16/41] 19200), Loss: 0.071, mAP 92.63%
Saved: ../checkpoints/
TESTING: 19248), mAP 92.79%
[17/41] 19300), Loss: 0.068, mAP 91.23%
[17/41] 19400), Loss: 0.038, mAP 94.16%
[17/41] 19500), Loss: 0.047, mAP 90.78%
[17/41] 19600), Loss: 0.081, mAP 94.22%
[17/41] 19700), Loss: 0.062, mAP 94.15%
[17/41] 19800), Loss: 0.029, mAP 94.55%
[17/41] 19900), Loss: 0.049, mAP 93.80%
[17/41] 20000), Loss: 0.082, mAP 92.98%
[17/41] 20100), Loss: 0.114, mAP 91.95%
[17/41] 20200), Loss: 0.065, mAP 91.38%
[17/41] 20300), Loss: 0.054, mAP 93.77%
[17/41] 20400), Loss: 0.069, mAP 94.24%
[18/41] 20500), Loss: 0.037, mAP 92.79%
[18/41] 20600), Loss: 0.097, mAP 92.34%
[18/41] 20700), Loss: 0.045, mAP 92.23%
[18/41] 20800), Loss: 0.040, mAP 95.32%
[18/41] 20900), Loss: 0.105, mAP 92.25%
[18/41] 21000), Loss: 0.062, mAP 90.78%
[18/41] 21100), Loss: 0.093, mAP 93.16%
[18/41] 21200), Loss: 0.050, mAP 92.29%
[18/41] 21300), Loss: 0.042, mAP 92.21%
[18/41] 21400), Loss: 0.051, mAP 94.47%
[18/41] 21500), Loss: 0.059, mAP 92.68%
[18/41] 21600), Loss: 0.061, mAP 94.08%
[19/41] 21700), Loss: 0.064, mAP 93.24%
[19/41] 21800), Loss: 0.041, mAP 91.05%
[19/41] 21900), Loss: 0.074, mAP 94.62%
[19/41] 22000), Loss: 0.067, mAP 92.06%
[19/41] 22100), Loss: 0.046, mAP 94.75%
[19/41] 22200), Loss: 0.070, mAP 90.60%
[19/41] 22300), Loss: 0.080, mAP 90.24%
[19/41] 22400), Loss: 0.149, mAP 91.93%
[19/41] 22500), Loss: 0.058, mAP 91.09%
[19/41] 22600), Loss: 0.125, mAP 92.48%
[19/41] 22700), Loss: 0.033, mAP 92.71%
[19/41] 22800), Loss: 0.061, mAP 94.31%
[20/41] 22900), Loss: 0.084, mAP 93.16%
[20/41] 23000), Loss: 0.039, mAP 93.28%
[20/41] 23100), Loss: 0.072, mAP 94.74%
[20/41] 23200), Loss: 0.094, mAP 94.29%
[20/41] 23300), Loss: 0.042, mAP 92.91%
[20/41] 23400), Loss: 0.110, mAP 92.54%
[20/41] 23500), Loss: 0.083, mAP 92.39%
[20/41] 23600), Loss: 0.067, mAP 91.71%
[20/41] 23700), Loss: 0.031, mAP 92.45%
[20/41] 23800), Loss: 0.072, mAP 92.99%
[20/41] 23900), Loss: 0.064, mAP 93.62%
[20/41] 24000), Loss: 0.080, mAP 92.82%
[21/41] 24100), Loss: 0.040, mAP 95.46%
[21/41] 24200), Loss: 0.024, mAP 93.76%
[21/41] 24300), Loss: 0.018, mAP 95.24%
[21/41] 24400), Loss: 0.053, mAP 91.27%
[21/41] 24500), Loss: 0.086, mAP 93.22%
[21/41] 24600), Loss: 0.072, mAP 94.58%
[21/41] 24700), Loss: 0.069, mAP 94.58%
[21/41] 24800), Loss: 0.069, mAP 91.96%
[21/41] 24900), Loss: 0.083, mAP 94.20%
[21/41] 25000), Loss: 0.029, mAP 93.98%
[21/41] 25100), Loss: 0.038, mAP 93.07%
[21/41] 25200), Loss: 0.071, mAP 93.65%
Saved: ../checkpoints/
TESTING: 25263), mAP 92.78%
[22/41] 25300), Loss: 0.069, mAP 93.71%
[22/41] 25400), Loss: 0.059, mAP 92.93%
[22/41] 25500), Loss: 0.016, mAP 93.78%
[22/41] 25600), Loss: 0.026, mAP 93.77%
[22/41] 25700), Loss: 0.037, mAP 92.84%
[22/41] 25800), Loss: 0.048, mAP 93.82%
[22/41] 25900), Loss: 0.056, mAP 93.11%
[22/41] 26000), Loss: 0.036, mAP 93.67%
[22/41] 26100), Loss: 0.074, mAP 93.62%
[22/41] 26200), Loss: 0.078, mAP 92.71%
[22/41] 26300), Loss: 0.059, mAP 93.56%
[22/41] 26400), Loss: 0.069, mAP 91.73%
[23/41] 26500), Loss: 0.035, mAP 93.77%
[23/41] 26600), Loss: 0.046, mAP 94.16%
[23/41] 26700), Loss: 0.035, mAP 95.11%
[23/41] 26800), Loss: 0.035, mAP 91.61%
[23/41] 26900), Loss: 0.054, mAP 93.26%
[23/41] 27000), Loss: 0.056, mAP 94.17%
[23/41] 27100), Loss: 0.027, mAP 95.43%
[23/41] 27200), Loss: 0.030, mAP 92.92%
[23/41] 27300), Loss: 0.055, mAP 91.81%
[23/41] 27400), Loss: 0.089, mAP 94.17%
[23/41] 27500), Loss: 0.076, mAP 93.18%
[23/41] 27600), Loss: 0.048, mAP 94.29%
[24/41] 27700), Loss: 0.062, mAP 94.87%
[24/41] 27800), Loss: 0.059, mAP 95.25%
[24/41] 27900), Loss: 0.052, mAP 94.18%
[24/41] 28000), Loss: 0.121, mAP 95.73%
[24/41] 28100), Loss: 0.038, mAP 94.00%
[24/41] 28200), Loss: 0.101, mAP 94.08%
[24/41] 28300), Loss: 0.071, mAP 93.91%
[24/41] 28400), Loss: 0.062, mAP 91.57%
[24/41] 28500), Loss: 0.089, mAP 93.09%
[24/41] 28600), Loss: 0.046, mAP 92.86%
[24/41] 28700), Loss: 0.085, mAP 93.16%
[24/41] 28800), Loss: 0.045, mAP 93.81%
[25/41] 28900), Loss: 0.030, mAP 93.64%
[25/41] 29000), Loss: 0.024, mAP 94.54%
[25/41] 29100), Loss: 0.086, mAP 93.29%
[25/41] 29200), Loss: 0.051, mAP 93.37%
[25/41] 29300), Loss: 0.102, mAP 94.06%
[25/41] 29400), Loss: 0.081, mAP 94.04%
[25/41] 29500), Loss: 0.036, mAP 93.89%
[25/41] 29600), Loss: 0.064, mAP 92.37%
[25/41] 29700), Loss: 0.118, mAP 91.61%
[25/41] 29800), Loss: 0.101, mAP 93.58%
[25/41] 29900), Loss: 0.096, mAP 90.99%
[25/41] 30000), Loss: 0.053, mAP 93.52%
[26/41] 30100), Loss: 0.018, mAP 94.51%
[26/41] 30200), Loss: 0.029, mAP 93.35%
[26/41] 30300), Loss: 0.092, mAP 90.39%
[26/41] 30400), Loss: 0.087, mAP 94.84%
[26/41] 30500), Loss: 0.062, mAP 94.67%
[26/41] 30600), Loss: 0.065, mAP 95.38%
[26/41] 30700), Loss: 0.066, mAP 94.27%
[26/41] 30800), Loss: 0.014, mAP 93.55%
[26/41] 30900), Loss: 0.049, mAP 92.35%
[26/41] 31000), Loss: 0.082, mAP 91.57%
[26/41] 31100), Loss: 0.028, mAP 92.00%
[26/41] 31200), Loss: 0.052, mAP 94.13%
Saved: ../checkpoints/
TESTING: 31278), mAP 92.64%
[27/41] 31300), Loss: 0.097, mAP 93.46%
[27/41] 31400), Loss: 0.039, mAP 93.45%
[27/41] 31500), Loss: 0.131, mAP 93.04%
[27/41] 31600), Loss: 0.046, mAP 93.44%
[27/41] 31700), Loss: 0.070, mAP 94.31%
[27/41] 31800), Loss: 0.064, mAP 93.33%
[27/41] 31900), Loss: 0.057, mAP 93.24%
[27/41] 32000), Loss: 0.030, mAP 94.88%
[27/41] 32100), Loss: 0.113, mAP 93.30%
[27/41] 32200), Loss: 0.047, mAP 94.25%
[27/41] 32300), Loss: 0.103, mAP 91.72%
[27/41] 32400), Loss: 0.020, mAP 94.20%
[28/41] 32500), Loss: 0.074, mAP 94.08%
[28/41] 32600), Loss: 0.142, mAP 94.95%
[28/41] 32700), Loss: 0.031, mAP 94.05%
[28/41] 32800), Loss: 0.088, mAP 91.99%
[28/41] 32900), Loss: 0.063, mAP 94.31%
[28/41] 33000), Loss: 0.114, mAP 93.44%
[28/41] 33100), Loss: 0.127, mAP 90.79%
[28/41] 33200), Loss: 0.024, mAP 95.14%
[28/41] 33300), Loss: 0.119, mAP 94.39%
[28/41] 33400), Loss: 0.093, mAP 94.54%
[28/41] 33500), Loss: 0.062, mAP 93.39%
[28/41] 33600), Loss: 0.058, mAP 94.82%
[29/41] 33700), Loss: 0.073, mAP 91.26%
[29/41] 33800), Loss: 0.040, mAP 92.18%
[29/41] 33900), Loss: 0.051, mAP 93.03%
[29/41] 34000), Loss: 0.035, mAP 95.64%
[29/41] 34100), Loss: 0.080, mAP 93.89%
[29/41] 34200), Loss: 0.073, mAP 91.66%
[29/41] 34300), Loss: 0.114, mAP 94.70%
[29/41] 34400), Loss: 0.046, mAP 94.28%
[29/41] 34500), Loss: 0.032, mAP 93.76%
[29/41] 34600), Loss: 0.020, mAP 95.95%
[29/41] 34700), Loss: 0.044, mAP 93.40%
[29/41] 34800), Loss: 0.088, mAP 94.01%
[30/41] 34900), Loss: 0.044, mAP 95.43%
[30/41] 35000), Loss: 0.048, mAP 93.11%
[30/41] 35100), Loss: 0.063, mAP 96.98%
[30/41] 35200), Loss: 0.051, mAP 95.46%
[30/41] 35300), Loss: 0.052, mAP 94.47%
[30/41] 35400), Loss: 0.039, mAP 91.97%
[30/41] 35500), Loss: 0.064, mAP 93.70%
[30/41] 35600), Loss: 0.114, mAP 92.45%
[30/41] 35700), Loss: 0.042, mAP 94.32%
[30/41] 35800), Loss: 0.054, mAP 93.16%
[30/41] 35900), Loss: 0.036, mAP 93.89%
[30/41] 36000), Loss: 0.020, mAP 95.50%
[31/41] 36100), Loss: 0.033, mAP 97.10%
[31/41] 36200), Loss: 0.060, mAP 93.11%
[31/41] 36300), Loss: 0.055, mAP 95.35%
[31/41] 36400), Loss: 0.040, mAP 91.49%
[31/41] 36500), Loss: 0.054, mAP 94.86%
[31/41] 36600), Loss: 0.075, mAP 93.50%
[31/41] 36700), Loss: 0.037, mAP 94.35%
[31/41] 36800), Loss: 0.076, mAP 93.73%
[31/41] 36900), Loss: 0.080, mAP 93.44%
[31/41] 37000), Loss: 0.073, mAP 91.50%
[31/41] 37100), Loss: 0.069, mAP 94.18%
[31/41] 37200), Loss: 0.076, mAP 92.56%
Saved: ../checkpoints/
TESTING: 37293), mAP 92.55%
[32/41] 37300), Loss: 0.068, mAP 93.21%
[32/41] 37400), Loss: 0.060, mAP 93.77%
[32/41] 37500), Loss: 0.051, mAP 94.46%
[32/41] 37600), Loss: 0.014, mAP 95.36%
[32/41] 37700), Loss: 0.090, mAP 93.11%
[32/41] 37800), Loss: 0.039, mAP 93.69%
[32/41] 37900), Loss: 0.021, mAP 95.48%
[32/41] 38000), Loss: 0.032, mAP 95.20%
[32/41] 38100), Loss: 0.030, mAP 94.00%
[32/41] 38200), Loss: 0.050, mAP 93.27%
[32/41] 38300), Loss: 0.048, mAP 93.14%
[32/41] 38400), Loss: 0.032, mAP 92.88%
[33/41] 38500), Loss: 0.068, mAP 94.40%
[33/41] 38600), Loss: 0.031, mAP 93.76%
[33/41] 38700), Loss: 0.055, mAP 92.65%
[33/41] 38800), Loss: 0.056, mAP 93.02%
[33/41] 38900), Loss: 0.076, mAP 93.42%
[33/41] 39000), Loss: 0.085, mAP 92.62%
[33/41] 39100), Loss: 0.103, mAP 94.28%
[33/41] 39200), Loss: 0.042, mAP 93.66%
[33/41] 39300), Loss: 0.075, mAP 94.55%
[33/41] 39400), Loss: 0.042, mAP 93.81%
[33/41] 39500), Loss: 0.022, mAP 95.63%
[33/41] 39600), Loss: 0.096, mAP 92.13%
[34/41] 39700), Loss: 0.038, mAP 96.25%
[34/41] 39800), Loss: 0.063, mAP 94.95%
[34/41] 39900), Loss: 0.048, mAP 94.95%
[34/41] 40000), Loss: 0.037, mAP 95.45%
[34/41] 40100), Loss: 0.060, mAP 96.01%
[34/41] 40200), Loss: 0.065, mAP 93.14%
[34/41] 40300), Loss: 0.037, mAP 93.52%
[34/41] 40400), Loss: 0.047, mAP 95.03%
[34/41] 40500), Loss: 0.037, mAP 93.88%
[34/41] 40600), Loss: 0.040, mAP 94.54%
[34/41] 40700), Loss: 0.070, mAP 95.92%
[34/41] 40800), Loss: 0.044, mAP 93.86%
[34/41] 40900), Loss: 0.071, mAP 93.82%
[35/41] 41000), Loss: 0.066, mAP 94.76%
[35/41] 41100), Loss: 0.039, mAP 94.17%
[35/41] 41200), Loss: 0.066, mAP 92.79%
[35/41] 41300), Loss: 0.060, mAP 94.31%
[35/41] 41400), Loss: 0.062, mAP 92.47%
[35/41] 41500), Loss: 0.089, mAP 94.46%
[35/41] 41600), Loss: 0.027, mAP 94.01%
[35/41] 41700), Loss: 0.064, mAP 93.71%
[35/41] 41800), Loss: 0.081, mAP 93.63%
[35/41] 41900), Loss: 0.098, mAP 93.96%
[35/41] 42000), Loss: 0.092, mAP 93.29%
[35/41] 42100), Loss: 0.050, mAP 93.98%
[36/41] 42200), Loss: 0.031, mAP 94.06%
[36/41] 42300), Loss: 0.024, mAP 92.01%
[36/41] 42400), Loss: 0.037, mAP 94.84%
[36/41] 42500), Loss: 0.077, mAP 94.06%
[36/41] 42600), Loss: 0.042, mAP 95.42%
[36/41] 42700), Loss: 0.085, mAP 94.50%
[36/41] 42800), Loss: 0.068, mAP 92.92%
[36/41] 42900), Loss: 0.018, mAP 91.14%
[36/41] 43000), Loss: 0.082, mAP 94.13%
[36/41] 43100), Loss: 0.095, mAP 94.46%
[36/41] 43200), Loss: 0.054, mAP 94.19%
[36/41] 43300), Loss: 0.044, mAP 95.99%
Saved: ../checkpoints/
TESTING: 43308), mAP 92.53%
[37/41] 43400), Loss: 0.058, mAP 94.11%
[37/41] 43500), Loss: 0.075, mAP 93.64%
[37/41] 43600), Loss: 0.071, mAP 93.73%
[37/41] 43700), Loss: 0.059, mAP 92.84%
[37/41] 43800), Loss: 0.092, mAP 94.93%
[37/41] 43900), Loss: 0.052, mAP 94.78%
[37/41] 44000), Loss: 0.022, mAP 93.17%
[37/41] 44100), Loss: 0.079, mAP 96.78%
[37/41] 44200), Loss: 0.064, mAP 94.08%
[37/41] 44300), Loss: 0.061, mAP 94.29%
[37/41] 44400), Loss: 0.116, mAP 91.87%
[37/41] 44500), Loss: 0.046, mAP 95.19%
[38/41] 44600), Loss: 0.086, mAP 94.16%
[38/41] 44700), Loss: 0.080, mAP 95.04%
[38/41] 44800), Loss: 0.047, mAP 93.78%
[38/41] 44900), Loss: 0.039, mAP 93.20%
[38/41] 45000), Loss: 0.049, mAP 91.83%
[38/41] 45100), Loss: 0.073, mAP 94.61%
[38/41] 45200), Loss: 0.085, mAP 93.92%
[38/41] 45300), Loss: 0.078, mAP 94.11%
[38/41] 45400), Loss: 0.071, mAP 95.37%
[38/41] 45500), Loss: 0.054, mAP 93.36%
[38/41] 45600), Loss: 0.103, mAP 93.95%
[38/41] 45700), Loss: 0.022, mAP 92.76%
[39/41] 45800), Loss: 0.018, mAP 94.54%
[39/41] 45900), Loss: 0.051, mAP 94.07%
[39/41] 46000), Loss: 0.081, mAP 92.80%
[39/41] 46100), Loss: 0.031, mAP 94.76%
[39/41] 46200), Loss: 0.041, mAP 94.52%
[39/41] 46300), Loss: 0.077, mAP 93.94%
[39/41] 46400), Loss: 0.031, mAP 94.03%
[39/41] 46500), Loss: 0.092, mAP 93.84%
[39/41] 46600), Loss: 0.054, mAP 92.22%
[39/41] 46700), Loss: 0.067, mAP 94.77%
[39/41] 46800), Loss: 0.036, mAP 94.26%
[39/41] 46900), Loss: 0.091, mAP 94.25%
[40/41] 47000), Loss: 0.061, mAP 95.76%
[40/41] 47100), Loss: 0.024, mAP 95.42%
[40/41] 47200), Loss: 0.058, mAP 93.22%
[40/41] 47300), Loss: 0.018, mAP 92.79%
[40/41] 47400), Loss: 0.054, mAP 93.76%
[40/41] 47500), Loss: 0.025, mAP 95.02%
[40/41] 47600), Loss: 0.024, mAP 96.56%
[40/41] 47700), Loss: 0.111, mAP 93.59%
[40/41] 47800), Loss: 0.050, mAP 93.51%
[40/41] 47900), Loss: 0.043, mAP 93.91%
[40/41] 48000), Loss: 0.102, mAP 94.19%
[40/41] 48100), Loss: 0.033, mAP 92.57%
[41/41] 48200), Loss: 0.049, mAP 91.78%
[41/41] 48300), Loss: 0.028, mAP 95.60%
[41/41] 48400), Loss: 0.122, mAP 91.57%
[41/41] 48500), Loss: 0.052, mAP 91.26%
[41/41] 48600), Loss: 0.039, mAP 93.70%
[41/41] 48700), Loss: 0.037, mAP 95.50%
[41/41] 48800), Loss: 0.101, mAP 92.49%
[41/41] 48900), Loss: 0.056, mAP 95.26%
[41/41] 49000), Loss: 0.024, mAP 94.46%
[41/41] 49100), Loss: 0.111, mAP 93.73%
[41/41] 49200), Loss: 0.022, mAP 97.09%
[41/41] 49300), Loss: 0.037, mAP 93.61%
Saved: ../checkpoints/
TESTING: 49323), mAP 92.52%
