nohup: ignoring input
Using GPU 2
Start training, lr: 0.001000, batch-size: 10
Model: resnet101
Checkpoint Path: ../checkpoints/
Time: 190514_1531
Training from past model: /home/tsinghuaee13/checkpoints/resnet101_190513_1753_036.pth
[1/41] 0), Loss: 0.048, mAP 97.00%
[1/41] 100), Loss: 0.081, mAP 90.54%
[1/41] 200), Loss: 0.116, mAP 91.71%
[1/41] 300), Loss: 0.067, mAP 93.69%
[1/41] 400), Loss: 0.107, mAP 93.57%
[1/41] 500), Loss: 0.041, mAP 95.70%
[1/41] 600), Loss: 0.172, mAP 91.26%
[1/41] 700), Loss: 0.050, mAP 93.25%
[1/41] 800), Loss: 0.060, mAP 93.90%
[1/41] 900), Loss: 0.097, mAP 94.71%
[1/41] 1000), Loss: 0.137, mAP 92.64%
[1/41] 1100), Loss: 0.122, mAP 92.92%
[1/41] 1200), Loss: 0.068, mAP 90.13%
Saved: ../checkpoints/
TESTING: 1203), mAP 93.31%
[2/41] 1300), Loss: 0.081, mAP 92.90%
[2/41] 1400), Loss: 0.066, mAP 92.86%
[2/41] 1500), Loss: 0.067, mAP 92.24%
[2/41] 1600), Loss: 0.086, mAP 91.79%
[2/41] 1700), Loss: 0.074, mAP 93.03%
[2/41] 1800), Loss: 0.066, mAP 92.29%
[2/41] 1900), Loss: 0.083, mAP 92.09%
[2/41] 2000), Loss: 0.041, mAP 93.44%
[2/41] 2100), Loss: 0.057, mAP 91.60%
[2/41] 2200), Loss: 0.047, mAP 94.38%
[2/41] 2300), Loss: 0.041, mAP 92.48%
[2/41] 2400), Loss: 0.090, mAP 93.87%
[3/41] 2500), Loss: 0.068, mAP 91.86%
[3/41] 2600), Loss: 0.072, mAP 90.35%
[3/41] 2700), Loss: 0.043, mAP 93.73%
[3/41] 2800), Loss: 0.061, mAP 93.09%
[3/41] 2900), Loss: 0.041, mAP 94.50%
[3/41] 3000), Loss: 0.036, mAP 90.52%
[3/41] 3100), Loss: 0.041, mAP 91.39%
[3/41] 3200), Loss: 0.059, mAP 94.28%
[3/41] 3300), Loss: 0.038, mAP 93.39%
[3/41] 3400), Loss: 0.058, mAP 92.73%
[3/41] 3500), Loss: 0.114, mAP 91.21%
[3/41] 3600), Loss: 0.033, mAP 94.85%
[4/41] 3700), Loss: 0.063, mAP 92.19%
[4/41] 3800), Loss: 0.029, mAP 92.38%
[4/41] 3900), Loss: 0.092, mAP 94.34%
[4/41] 4000), Loss: 0.025, mAP 92.32%
[4/41] 4100), Loss: 0.046, mAP 92.53%
[4/41] 4200), Loss: 0.102, mAP 92.27%
[4/41] 4300), Loss: 0.042, mAP 91.10%
[4/41] 4400), Loss: 0.041, mAP 95.23%
[4/41] 4500), Loss: 0.095, mAP 93.88%
[4/41] 4600), Loss: 0.033, mAP 91.52%
[4/41] 4700), Loss: 0.086, mAP 94.68%
[4/41] 4800), Loss: 0.132, mAP 93.29%
[5/41] 4900), Loss: 0.034, mAP 95.73%
[5/41] 5000), Loss: 0.026, mAP 92.99%
[5/41] 5100), Loss: 0.089, mAP 92.72%
[5/41] 5200), Loss: 0.056, mAP 92.48%
[5/41] 5300), Loss: 0.083, mAP 92.12%
[5/41] 5400), Loss: 0.100, mAP 93.75%
[5/41] 5500), Loss: 0.116, mAP 93.33%
[5/41] 5600), Loss: 0.073, mAP 93.06%
[5/41] 5700), Loss: 0.035, mAP 94.44%
[5/41] 5800), Loss: 0.025, mAP 91.05%
[5/41] 5900), Loss: 0.117, mAP 91.97%
[5/41] 6000), Loss: 0.061, mAP 93.08%
[6/41] 6100), Loss: 0.056, mAP 94.87%
[6/41] 6200), Loss: 0.036, mAP 93.88%
[6/41] 6300), Loss: 0.032, mAP 93.68%
[6/41] 6400), Loss: 0.106, mAP 94.27%
[6/41] 6500), Loss: 0.028, mAP 93.19%
[6/41] 6600), Loss: 0.063, mAP 93.25%
[6/41] 6700), Loss: 0.031, mAP 95.64%
[6/41] 6800), Loss: 0.040, mAP 92.53%
[6/41] 6900), Loss: 0.039, mAP 94.84%
[6/41] 7000), Loss: 0.071, mAP 94.11%
[6/41] 7100), Loss: 0.074, mAP 93.23%
[6/41] 7200), Loss: 0.086, mAP 92.76%
Saved: ../checkpoints/
TESTING: 7218), mAP 93.89%
[7/41] 7300), Loss: 0.038, mAP 93.84%
[7/41] 7400), Loss: 0.039, mAP 92.56%
[7/41] 7500), Loss: 0.058, mAP 94.95%
[7/41] 7600), Loss: 0.124, mAP 94.58%
[7/41] 7700), Loss: 0.118, mAP 93.79%
[7/41] 7800), Loss: 0.055, mAP 93.64%
[7/41] 7900), Loss: 0.127, mAP 92.95%
[7/41] 8000), Loss: 0.050, mAP 90.81%
[7/41] 8100), Loss: 0.058, mAP 96.09%
[7/41] 8200), Loss: 0.101, mAP 94.79%
[7/41] 8300), Loss: 0.121, mAP 93.48%
[7/41] 8400), Loss: 0.069, mAP 92.19%
[8/41] 8500), Loss: 0.068, mAP 93.17%
[8/41] 8600), Loss: 0.050, mAP 95.41%
[8/41] 8700), Loss: 0.025, mAP 93.32%
[8/41] 8800), Loss: 0.040, mAP 92.56%
[8/41] 8900), Loss: 0.098, mAP 92.34%
[8/41] 9000), Loss: 0.204, mAP 94.15%
[8/41] 9100), Loss: 0.112, mAP 95.68%
[8/41] 9200), Loss: 0.093, mAP 92.21%
[8/41] 9300), Loss: 0.071, mAP 94.09%
[8/41] 9400), Loss: 0.073, mAP 92.86%
[8/41] 9500), Loss: 0.069, mAP 95.11%
[8/41] 9600), Loss: 0.089, mAP 94.79%
[9/41] 9700), Loss: 0.051, mAP 94.58%
[9/41] 9800), Loss: 0.068, mAP 94.59%
[9/41] 9900), Loss: 0.048, mAP 95.07%
[9/41] 10000), Loss: 0.018, mAP 94.74%
[9/41] 10100), Loss: 0.046, mAP 93.44%
[9/41] 10200), Loss: 0.093, mAP 93.96%
[9/41] 10300), Loss: 0.090, mAP 93.65%
[9/41] 10400), Loss: 0.042, mAP 93.64%
[9/41] 10500), Loss: 0.059, mAP 92.57%
[9/41] 10600), Loss: 0.080, mAP 93.39%
[9/41] 10700), Loss: 0.055, mAP 92.90%
[9/41] 10800), Loss: 0.099, mAP 95.82%
[10/41] 10900), Loss: 0.066, mAP 92.79%
[10/41] 11000), Loss: 0.028, mAP 96.00%
[10/41] 11100), Loss: 0.026, mAP 93.35%
[10/41] 11200), Loss: 0.061, mAP 93.58%
[10/41] 11300), Loss: 0.030, mAP 95.57%
[10/41] 11400), Loss: 0.026, mAP 94.51%
[10/41] 11500), Loss: 0.081, mAP 94.86%
[10/41] 11600), Loss: 0.096, mAP 91.79%
[10/41] 11700), Loss: 0.079, mAP 95.29%
[10/41] 11800), Loss: 0.076, mAP 95.62%
[10/41] 11900), Loss: 0.034, mAP 95.69%
[10/41] 12000), Loss: 0.031, mAP 94.43%
[11/41] 12100), Loss: 0.023, mAP 94.89%
[11/41] 12200), Loss: 0.084, mAP 95.31%
[11/41] 12300), Loss: 0.054, mAP 93.27%
[11/41] 12400), Loss: 0.112, mAP 94.21%
[11/41] 12500), Loss: 0.078, mAP 94.04%
[11/41] 12600), Loss: 0.079, mAP 94.29%
[11/41] 12700), Loss: 0.028, mAP 95.56%
[11/41] 12800), Loss: 0.103, mAP 93.84%
[11/41] 12900), Loss: 0.045, mAP 94.83%
[11/41] 13000), Loss: 0.078, mAP 94.66%
[11/41] 13100), Loss: 0.043, mAP 91.56%
[11/41] 13200), Loss: 0.050, mAP 93.45%
Saved: ../checkpoints/
TESTING: 13233), mAP 94.16%
[12/41] 13300), Loss: 0.070, mAP 93.38%
[12/41] 13400), Loss: 0.046, mAP 94.70%
[12/41] 13500), Loss: 0.046, mAP 94.10%
[12/41] 13600), Loss: 0.052, mAP 95.19%
[12/41] 13700), Loss: 0.063, mAP 94.42%
[12/41] 13800), Loss: 0.077, mAP 94.25%
[12/41] 13900), Loss: 0.067, mAP 93.49%
[12/41] 14000), Loss: 0.033, mAP 94.62%
[12/41] 14100), Loss: 0.097, mAP 93.53%
[12/41] 14200), Loss: 0.089, mAP 94.54%
[12/41] 14300), Loss: 0.039, mAP 95.35%
[12/41] 14400), Loss: 0.031, mAP 95.11%
[13/41] 14500), Loss: 0.021, mAP 96.44%
[13/41] 14600), Loss: 0.031, mAP 94.13%
[13/41] 14700), Loss: 0.105, mAP 97.17%
[13/41] 14800), Loss: 0.030, mAP 92.62%
[13/41] 14900), Loss: 0.049, mAP 94.91%
[13/41] 15000), Loss: 0.054, mAP 94.80%
[13/41] 15100), Loss: 0.062, mAP 95.25%
[13/41] 15200), Loss: 0.064, mAP 96.16%
[13/41] 15300), Loss: 0.057, mAP 94.40%
[13/41] 15400), Loss: 0.054, mAP 94.82%
[13/41] 15500), Loss: 0.024, mAP 94.44%
[13/41] 15600), Loss: 0.058, mAP 94.36%
[14/41] 15700), Loss: 0.038, mAP 96.76%
[14/41] 15800), Loss: 0.054, mAP 94.76%
[14/41] 15900), Loss: 0.057, mAP 95.10%
[14/41] 16000), Loss: 0.039, mAP 93.56%
[14/41] 16100), Loss: 0.025, mAP 93.83%
[14/41] 16200), Loss: 0.038, mAP 93.28%
[14/41] 16300), Loss: 0.037, mAP 95.94%
[14/41] 16400), Loss: 0.048, mAP 95.09%
[14/41] 16500), Loss: 0.029, mAP 94.42%
[14/41] 16600), Loss: 0.063, mAP 95.01%
[14/41] 16700), Loss: 0.069, mAP 94.01%
[14/41] 16800), Loss: 0.022, mAP 94.69%
[15/41] 16900), Loss: 0.027, mAP 95.46%
[15/41] 17000), Loss: 0.011, mAP 93.00%
[15/41] 17100), Loss: 0.036, mAP 94.46%
[15/41] 17200), Loss: 0.057, mAP 95.40%
[15/41] 17300), Loss: 0.050, mAP 93.69%
[15/41] 17400), Loss: 0.062, mAP 95.04%
[15/41] 17500), Loss: 0.060, mAP 95.09%
[15/41] 17600), Loss: 0.032, mAP 97.02%
[15/41] 17700), Loss: 0.052, mAP 96.81%
[15/41] 17800), Loss: 0.054, mAP 93.21%
[15/41] 17900), Loss: 0.042, mAP 94.27%
[15/41] 18000), Loss: 0.019, mAP 93.12%
[16/41] 18100), Loss: 0.080, mAP 95.56%
[16/41] 18200), Loss: 0.044, mAP 93.67%
[16/41] 18300), Loss: 0.038, mAP 94.61%
[16/41] 18400), Loss: 0.070, mAP 93.17%
[16/41] 18500), Loss: 0.074, mAP 94.16%
[16/41] 18600), Loss: 0.021, mAP 95.28%
[16/41] 18700), Loss: 0.107, mAP 94.24%
[16/41] 18800), Loss: 0.030, mAP 95.65%
[16/41] 18900), Loss: 0.054, mAP 94.98%
[16/41] 19000), Loss: 0.069, mAP 92.80%
[16/41] 19100), Loss: 0.034, mAP 94.39%
[16/41] 19200), Loss: 0.066, mAP 96.82%
Saved: ../checkpoints/
TESTING: 19248), mAP 94.08%
[17/41] 19300), Loss: 0.078, mAP 94.06%
[17/41] 19400), Loss: 0.045, mAP 96.49%
[17/41] 19500), Loss: 0.012, mAP 95.60%
[17/41] 19600), Loss: 0.025, mAP 96.42%
[17/41] 19700), Loss: 0.065, mAP 94.96%
[17/41] 19800), Loss: 0.069, mAP 95.40%
[17/41] 19900), Loss: 0.039, mAP 95.42%
[17/41] 20000), Loss: 0.060, mAP 93.84%
[17/41] 20100), Loss: 0.056, mAP 94.47%
[17/41] 20200), Loss: 0.064, mAP 92.73%
[17/41] 20300), Loss: 0.038, mAP 96.80%
[17/41] 20400), Loss: 0.032, mAP 95.62%
[18/41] 20500), Loss: 0.106, mAP 96.23%
[18/41] 20600), Loss: 0.049, mAP 94.85%
[18/41] 20700), Loss: 0.040, mAP 95.11%
[18/41] 20800), Loss: 0.019, mAP 94.99%
[18/41] 20900), Loss: 0.060, mAP 96.67%
[18/41] 21000), Loss: 0.100, mAP 96.83%
[18/41] 21100), Loss: 0.071, mAP 95.50%
[18/41] 21200), Loss: 0.062, mAP 94.59%
[18/41] 21300), Loss: 0.037, mAP 95.64%
[18/41] 21400), Loss: 0.048, mAP 93.26%
[18/41] 21500), Loss: 0.043, mAP 95.84%
[18/41] 21600), Loss: 0.077, mAP 94.86%
[19/41] 21700), Loss: 0.090, mAP 95.55%
[19/41] 21800), Loss: 0.028, mAP 95.58%
[19/41] 21900), Loss: 0.016, mAP 94.05%
[19/41] 22000), Loss: 0.022, mAP 94.58%
[19/41] 22100), Loss: 0.089, mAP 94.28%
[19/41] 22200), Loss: 0.084, mAP 94.78%
[19/41] 22300), Loss: 0.081, mAP 96.38%
[19/41] 22400), Loss: 0.077, mAP 95.43%
[19/41] 22500), Loss: 0.051, mAP 96.56%
[19/41] 22600), Loss: 0.063, mAP 94.44%
[19/41] 22700), Loss: 0.050, mAP 96.47%
[19/41] 22800), Loss: 0.052, mAP 94.20%
[20/41] 22900), Loss: 0.039, mAP 94.64%
[20/41] 23000), Loss: 0.071, mAP 94.68%
[20/41] 23100), Loss: 0.077, mAP 95.02%
[20/41] 23200), Loss: 0.014, mAP 94.38%
[20/41] 23300), Loss: 0.077, mAP 94.17%
[20/41] 23400), Loss: 0.048, mAP 95.40%
[20/41] 23500), Loss: 0.050, mAP 95.38%
[20/41] 23600), Loss: 0.103, mAP 94.48%
[20/41] 23700), Loss: 0.028, mAP 94.71%
[20/41] 23800), Loss: 0.063, mAP 94.27%
[20/41] 23900), Loss: 0.060, mAP 95.78%
[20/41] 24000), Loss: 0.114, mAP 95.40%
[21/41] 24100), Loss: 0.040, mAP 94.36%
[21/41] 24200), Loss: 0.063, mAP 94.34%
[21/41] 24300), Loss: 0.097, mAP 96.62%
[21/41] 24400), Loss: 0.053, mAP 95.20%
[21/41] 24500), Loss: 0.037, mAP 96.19%
[21/41] 24600), Loss: 0.047, mAP 93.19%
[21/41] 24700), Loss: 0.082, mAP 93.67%
[21/41] 24800), Loss: 0.037, mAP 94.37%
[21/41] 24900), Loss: 0.039, mAP 95.99%
[21/41] 25000), Loss: 0.039, mAP 95.90%
[21/41] 25100), Loss: 0.028, mAP 94.35%
[21/41] 25200), Loss: 0.026, mAP 96.82%
Saved: ../checkpoints/
TESTING: 25263), mAP 94.10%
[22/41] 25300), Loss: 0.030, mAP 94.55%
[22/41] 25400), Loss: 0.084, mAP 96.15%
[22/41] 25500), Loss: 0.054, mAP 94.61%
[22/41] 25600), Loss: 0.075, mAP 95.44%
[22/41] 25700), Loss: 0.044, mAP 97.32%
[22/41] 25800), Loss: 0.019, mAP 95.13%
[22/41] 25900), Loss: 0.064, mAP 94.62%
[22/41] 26000), Loss: 0.045, mAP 96.97%
[22/41] 26100), Loss: 0.024, mAP 94.45%
[22/41] 26200), Loss: 0.017, mAP 95.77%
[22/41] 26300), Loss: 0.042, mAP 95.54%
[22/41] 26400), Loss: 0.024, mAP 95.54%
[23/41] 26500), Loss: 0.068, mAP 96.91%
[23/41] 26600), Loss: 0.074, mAP 94.78%
[23/41] 26700), Loss: 0.035, mAP 96.49%
[23/41] 26800), Loss: 0.026, mAP 94.65%
[23/41] 26900), Loss: 0.059, mAP 94.41%
[23/41] 27000), Loss: 0.148, mAP 93.93%
[23/41] 27100), Loss: 0.015, mAP 96.19%
[23/41] 27200), Loss: 0.074, mAP 95.10%
[23/41] 27300), Loss: 0.036, mAP 95.74%
[23/41] 27400), Loss: 0.029, mAP 95.41%
[23/41] 27500), Loss: 0.078, mAP 96.23%
[23/41] 27600), Loss: 0.087, mAP 96.12%
[24/41] 27700), Loss: 0.064, mAP 94.26%
[24/41] 27800), Loss: 0.030, mAP 95.30%
[24/41] 27900), Loss: 0.017, mAP 95.54%
[24/41] 28000), Loss: 0.051, mAP 93.82%
[24/41] 28100), Loss: 0.028, mAP 95.19%
[24/41] 28200), Loss: 0.020, mAP 95.65%
[24/41] 28300), Loss: 0.049, mAP 96.02%
[24/41] 28400), Loss: 0.096, mAP 95.94%
[24/41] 28500), Loss: 0.043, mAP 95.76%
[24/41] 28600), Loss: 0.134, mAP 93.55%
[24/41] 28700), Loss: 0.023, mAP 95.91%
[24/41] 28800), Loss: 0.043, mAP 93.86%
[25/41] 28900), Loss: 0.053, mAP 96.30%
[25/41] 29000), Loss: 0.037, mAP 96.53%
[25/41] 29100), Loss: 0.040, mAP 96.56%
[25/41] 29200), Loss: 0.028, mAP 98.38%
[25/41] 29300), Loss: 0.048, mAP 94.19%
[25/41] 29400), Loss: 0.033, mAP 95.70%
[25/41] 29500), Loss: 0.027, mAP 96.71%
[25/41] 29600), Loss: 0.022, mAP 95.43%
[25/41] 29700), Loss: 0.057, mAP 96.78%
[25/41] 29800), Loss: 0.036, mAP 95.84%
[25/41] 29900), Loss: 0.047, mAP 94.24%
[25/41] 30000), Loss: 0.073, mAP 93.39%
[26/41] 30100), Loss: 0.075, mAP 95.80%
[26/41] 30200), Loss: 0.054, mAP 94.21%
[26/41] 30300), Loss: 0.020, mAP 94.80%
[26/41] 30400), Loss: 0.074, mAP 95.57%
[26/41] 30500), Loss: 0.074, mAP 95.38%
[26/41] 30600), Loss: 0.038, mAP 94.45%
[26/41] 30700), Loss: 0.026, mAP 96.09%
[26/41] 30800), Loss: 0.106, mAP 93.91%
[26/41] 30900), Loss: 0.068, mAP 96.77%
[26/41] 31000), Loss: 0.047, mAP 96.25%
[26/41] 31100), Loss: 0.043, mAP 95.01%
[26/41] 31200), Loss: 0.022, mAP 94.96%
Saved: ../checkpoints/
TESTING: 31278), mAP 94.29%
[27/41] 31300), Loss: 0.083, mAP 96.29%
[27/41] 31400), Loss: 0.034, mAP 97.36%
[27/41] 31500), Loss: 0.031, mAP 91.96%
[27/41] 31600), Loss: 0.041, mAP 96.36%
[27/41] 31700), Loss: 0.038, mAP 95.86%
[27/41] 31800), Loss: 0.065, mAP 94.07%
[27/41] 31900), Loss: 0.029, mAP 96.53%
[27/41] 32000), Loss: 0.029, mAP 97.10%
[27/41] 32100), Loss: 0.042, mAP 95.76%
[27/41] 32200), Loss: 0.057, mAP 94.85%
[27/41] 32300), Loss: 0.091, mAP 95.59%
[27/41] 32400), Loss: 0.144, mAP 96.68%
[28/41] 32500), Loss: 0.062, mAP 95.05%
[28/41] 32600), Loss: 0.059, mAP 94.64%
[28/41] 32700), Loss: 0.031, mAP 96.28%
[28/41] 32800), Loss: 0.053, mAP 94.94%
[28/41] 32900), Loss: 0.084, mAP 96.89%
[28/41] 33000), Loss: 0.068, mAP 95.02%
[28/41] 33100), Loss: 0.046, mAP 95.67%
[28/41] 33200), Loss: 0.066, mAP 96.05%
[28/41] 33300), Loss: 0.055, mAP 95.41%
[28/41] 33400), Loss: 0.034, mAP 95.52%
[28/41] 33500), Loss: 0.071, mAP 95.93%
[28/41] 33600), Loss: 0.021, mAP 94.67%
[29/41] 33700), Loss: 0.022, mAP 95.57%
[29/41] 33800), Loss: 0.024, mAP 96.60%
[29/41] 33900), Loss: 0.049, mAP 92.81%
[29/41] 34000), Loss: 0.046, mAP 94.78%
[29/41] 34100), Loss: 0.026, mAP 94.45%
[29/41] 34200), Loss: 0.049, mAP 96.14%
[29/41] 34300), Loss: 0.058, mAP 95.74%
[29/41] 34400), Loss: 0.019, mAP 95.71%
[29/41] 34500), Loss: 0.035, mAP 95.54%
[29/41] 34600), Loss: 0.080, mAP 94.10%
[29/41] 34700), Loss: 0.037, mAP 94.67%
[29/41] 34800), Loss: 0.045, mAP 96.08%
[30/41] 34900), Loss: 0.047, mAP 96.68%
[30/41] 35000), Loss: 0.022, mAP 97.31%
[30/41] 35100), Loss: 0.073, mAP 94.31%
[30/41] 35200), Loss: 0.087, mAP 95.97%
[30/41] 35300), Loss: 0.095, mAP 95.69%
[30/41] 35400), Loss: 0.050, mAP 96.38%
[30/41] 35500), Loss: 0.139, mAP 95.07%
[30/41] 35600), Loss: 0.087, mAP 96.11%
[30/41] 35700), Loss: 0.059, mAP 95.73%
[30/41] 35800), Loss: 0.039, mAP 95.08%
[30/41] 35900), Loss: 0.019, mAP 93.94%
[30/41] 36000), Loss: 0.051, mAP 94.44%
[31/41] 36100), Loss: 0.082, mAP 96.19%
[31/41] 36200), Loss: 0.085, mAP 96.45%
[31/41] 36300), Loss: 0.041, mAP 92.73%
[31/41] 36400), Loss: 0.081, mAP 94.57%
[31/41] 36500), Loss: 0.053, mAP 96.20%
[31/41] 36600), Loss: 0.044, mAP 95.15%
[31/41] 36700), Loss: 0.086, mAP 95.89%
[31/41] 36800), Loss: 0.051, mAP 95.60%
[31/41] 36900), Loss: 0.039, mAP 96.77%
[31/41] 37000), Loss: 0.088, mAP 93.82%
[31/41] 37100), Loss: 0.071, mAP 95.86%
[31/41] 37200), Loss: 0.020, mAP 94.05%
Saved: ../checkpoints/
TESTING: 37293), mAP 94.34%
[32/41] 37300), Loss: 0.022, mAP 97.70%
[32/41] 37400), Loss: 0.113, mAP 93.72%
[32/41] 37500), Loss: 0.072, mAP 94.31%
[32/41] 37600), Loss: 0.026, mAP 94.98%
[32/41] 37700), Loss: 0.049, mAP 95.63%
[32/41] 37800), Loss: 0.057, mAP 96.79%
[32/41] 37900), Loss: 0.076, mAP 93.49%
[32/41] 38000), Loss: 0.047, mAP 93.92%
[32/41] 38100), Loss: 0.027, mAP 94.46%
[32/41] 38200), Loss: 0.051, mAP 96.08%
[32/41] 38300), Loss: 0.089, mAP 97.67%
[32/41] 38400), Loss: 0.051, mAP 97.15%
[33/41] 38500), Loss: 0.027, mAP 95.65%
[33/41] 38600), Loss: 0.058, mAP 94.48%
[33/41] 38700), Loss: 0.030, mAP 95.70%
[33/41] 38800), Loss: 0.051, mAP 94.16%
[33/41] 38900), Loss: 0.035, mAP 95.58%
[33/41] 39000), Loss: 0.073, mAP 96.85%
[33/41] 39100), Loss: 0.027, mAP 96.11%
[33/41] 39200), Loss: 0.031, mAP 95.41%
[33/41] 39300), Loss: 0.043, mAP 96.05%
[33/41] 39400), Loss: 0.047, mAP 94.53%
[33/41] 39500), Loss: 0.074, mAP 95.21%
[33/41] 39600), Loss: 0.063, mAP 94.88%
[34/41] 39700), Loss: 0.028, mAP 99.58%
[34/41] 39800), Loss: 0.012, mAP 94.93%
[34/41] 39900), Loss: 0.055, mAP 96.91%
[34/41] 40000), Loss: 0.022, mAP 97.58%
[34/41] 40100), Loss: 0.054, mAP 95.57%
[34/41] 40200), Loss: 0.037, mAP 94.85%
[34/41] 40300), Loss: 0.041, mAP 96.40%
[34/41] 40400), Loss: 0.027, mAP 95.65%
[34/41] 40500), Loss: 0.036, mAP 96.15%
[34/41] 40600), Loss: 0.023, mAP 96.80%
[34/41] 40700), Loss: 0.057, mAP 95.68%
[34/41] 40800), Loss: 0.060, mAP 96.18%
[34/41] 40900), Loss: 0.025, mAP 92.88%
[35/41] 41000), Loss: 0.083, mAP 96.85%
[35/41] 41100), Loss: 0.046, mAP 94.84%
[35/41] 41200), Loss: 0.045, mAP 97.49%
[35/41] 41300), Loss: 0.062, mAP 95.09%
[35/41] 41400), Loss: 0.095, mAP 94.38%
[35/41] 41500), Loss: 0.042, mAP 98.20%
[35/41] 41600), Loss: 0.023, mAP 95.31%
[35/41] 41700), Loss: 0.069, mAP 94.78%
[35/41] 41800), Loss: 0.032, mAP 92.54%
[35/41] 41900), Loss: 0.019, mAP 96.94%
[35/41] 42000), Loss: 0.074, mAP 95.89%
[35/41] 42100), Loss: 0.054, mAP 96.64%
[36/41] 42200), Loss: 0.055, mAP 93.70%
[36/41] 42300), Loss: 0.043, mAP 97.39%
[36/41] 42400), Loss: 0.034, mAP 96.39%
[36/41] 42500), Loss: 0.044, mAP 94.45%
[36/41] 42600), Loss: 0.087, mAP 94.77%
[36/41] 42700), Loss: 0.028, mAP 95.39%
[36/41] 42800), Loss: 0.088, mAP 95.14%
[36/41] 42900), Loss: 0.048, mAP 95.25%
[36/41] 43000), Loss: 0.075, mAP 93.38%
[36/41] 43100), Loss: 0.013, mAP 96.82%
[36/41] 43200), Loss: 0.033, mAP 95.08%
[36/41] 43300), Loss: 0.089, mAP 95.27%
Saved: ../checkpoints/
TESTING: 43308), mAP 94.00%
[37/41] 43400), Loss: 0.048, mAP 95.82%
[37/41] 43500), Loss: 0.061, mAP 94.79%
[37/41] 43600), Loss: 0.098, mAP 95.42%
[37/41] 43700), Loss: 0.096, mAP 96.46%
[37/41] 43800), Loss: 0.019, mAP 95.85%
[37/41] 43900), Loss: 0.044, mAP 95.92%
[37/41] 44000), Loss: 0.041, mAP 95.33%
[37/41] 44100), Loss: 0.044, mAP 96.49%
[37/41] 44200), Loss: 0.041, mAP 92.84%
[37/41] 44300), Loss: 0.053, mAP 94.72%
[37/41] 44400), Loss: 0.079, mAP 96.02%
[37/41] 44500), Loss: 0.040, mAP 94.04%
[38/41] 44600), Loss: 0.102, mAP 96.42%
[38/41] 44700), Loss: 0.075, mAP 97.30%
[38/41] 44800), Loss: 0.041, mAP 96.69%
[38/41] 44900), Loss: 0.042, mAP 95.48%
[38/41] 45000), Loss: 0.049, mAP 94.45%
[38/41] 45100), Loss: 0.096, mAP 94.43%
[38/41] 45200), Loss: 0.024, mAP 97.58%
[38/41] 45300), Loss: 0.072, mAP 97.15%
[38/41] 45400), Loss: 0.113, mAP 94.65%
[38/41] 45500), Loss: 0.041, mAP 94.12%
[38/41] 45600), Loss: 0.065, mAP 94.18%
[38/41] 45700), Loss: 0.030, mAP 97.37%
[39/41] 45800), Loss: 0.066, mAP 95.24%
[39/41] 45900), Loss: 0.060, mAP 94.99%
[39/41] 46000), Loss: 0.057, mAP 96.13%
[39/41] 46100), Loss: 0.058, mAP 96.01%
[39/41] 46200), Loss: 0.022, mAP 93.40%
[39/41] 46300), Loss: 0.094, mAP 95.04%
[39/41] 46400), Loss: 0.067, mAP 94.96%
[39/41] 46500), Loss: 0.068, mAP 93.31%
[39/41] 46600), Loss: 0.015, mAP 94.12%
[39/41] 46700), Loss: 0.096, mAP 97.29%
[39/41] 46800), Loss: 0.014, mAP 95.66%
[39/41] 46900), Loss: 0.109, mAP 93.99%
[40/41] 47000), Loss: 0.071, mAP 93.23%
[40/41] 47100), Loss: 0.031, mAP 94.45%
[40/41] 47200), Loss: 0.053, mAP 95.38%
[40/41] 47300), Loss: 0.087, mAP 96.06%
[40/41] 47400), Loss: 0.090, mAP 95.61%
[40/41] 47500), Loss: 0.028, mAP 95.35%
[40/41] 47600), Loss: 0.027, mAP 95.44%
[40/41] 47700), Loss: 0.062, mAP 95.93%
[40/41] 47800), Loss: 0.026, mAP 94.35%
[40/41] 47900), Loss: 0.035, mAP 97.60%
[40/41] 48000), Loss: 0.042, mAP 96.00%
[40/41] 48100), Loss: 0.073, mAP 94.28%
[41/41] 48200), Loss: 0.088, mAP 94.03%
[41/41] 48300), Loss: 0.033, mAP 94.90%
[41/41] 48400), Loss: 0.029, mAP 95.39%
[41/41] 48500), Loss: 0.075, mAP 95.75%
[41/41] 48600), Loss: 0.082, mAP 93.17%
[41/41] 48700), Loss: 0.060, mAP 96.74%
[41/41] 48800), Loss: 0.036, mAP 96.77%
[41/41] 48900), Loss: 0.040, mAP 94.74%
[41/41] 49000), Loss: 0.016, mAP 97.10%
[41/41] 49100), Loss: 0.034, mAP 96.10%
[41/41] 49200), Loss: 0.083, mAP 96.76%
[41/41] 49300), Loss: 0.036, mAP 96.37%
Saved: ../checkpoints/
TESTING: 49323), mAP 93.94%
